This is pdfTeX, Version 3.141592653-2.6-1.40.29 (TeX Live 2026) (preloaded format=pdflatex 2026.3.8)  10 APR 2026 15:23
entering extended mode
 restricted \write18 enabled.
 %&-line parsing enabled.
**Thesis.tex
(./Thesis.tex
LaTeX2e <2025-11-01>
L3 programming layer <2026-01-19>
(c:/Users/morga/AppData/Roaming/TinyTeX/texmf-dist/tex/latex/apa6/apa6.cls
Document Class: apa6 2023/08/07 v2.35 APA formatting (6th edition)
(c:/Users/morga/AppData/Roaming/TinyTeX/texmf-dist/tex/latex/base/article.cls
Document Class: article 2025/01/22 v1.4n Standard LaTeX document class
(c:/Users/morga/AppData/Roaming/TinyTeX/texmf-dist/tex/latex/base/size12.clo
File: size12.clo 2025/01/22 v1.4n Standard LaTeX file (size option)
)
\c@part=\count275
\c@section=\count276
\c@subsection=\count277
\c@subsubsection=\count278
\c@paragraph=\count279
\c@subparagraph=\count280
\c@figure=\count281
\c@table=\count282
\abovecaptionskip=\skip49
\belowcaptionskip=\skip50
\bibindent=\dimen148
) (c:/Users/morga/AppData/Roaming/TinyTeX/texmf-dist/tex/latex/etoolbox/etoolbox.sty
Package: etoolbox 2025/10/02 v2.5m e-TeX tools for LaTeX (JAW)
\etb@tempcnta=\count283
)
Class apa6 Info: No bibliography package was specified; defaulting to (but not loading) Biblatex on input line 213.
(c:/Users/morga/AppData/Roaming/TinyTeX/texmf-dist/tex/latex/lm/lmodern.sty
Package: lmodern 2015/05/01 v1.6.1 Latin Modern Fonts
LaTeX Font Info:    Overwriting symbol font `operators' in version `normal'
(Font)                  OT1/cmr/m/n --> OT1/lmr/m/n on input line 22.
LaTeX Font Info:    Overwriting symbol font `letters' in version `normal'
(Font)                  OML/cmm/m/it --> OML/lmm/m/it on input line 23.
LaTeX Font Info:    Overwriting symbol font `symbols' in version `normal'
(Font)                  OMS/cmsy/m/n --> OMS/lmsy/m/n on input line 24.
LaTeX Font Info:    Overwriting symbol font `largesymbols' in version `normal'
(Font)                  OMX/cmex/m/n --> OMX/lmex/m/n on input line 25.
LaTeX Font Info:    Overwriting symbol font `operators' in version `bold'
(Font)                  OT1/cmr/bx/n --> OT1/lmr/bx/n on input line 26.
LaTeX Font Info:    Overwriting symbol font `letters' in version `bold'
(Font)                  OML/cmm/b/it --> OML/lmm/b/it on input line 27.
LaTeX Font Info:    Overwriting symbol font `symbols' in version `bold'
(Font)                  OMS/cmsy/b/n --> OMS/lmsy/b/n on input line 28.
LaTeX Font Info:    Overwriting symbol font `largesymbols' in version `bold'
(Font)                  OMX/cmex/m/n --> OMX/lmex/m/n on input line 29.
LaTeX Font Info:    Overwriting math alphabet `\mathbf' in version `normal'
(Font)                  OT1/cmr/bx/n --> OT1/lmr/bx/n on input line 31.
LaTeX Font Info:    Overwriting math alphabet `\mathsf' in version `normal'
(Font)                  OT1/cmss/m/n --> OT1/lmss/m/n on input line 32.
LaTeX Font Info:    Overwriting math alphabet `\mathit' in version `normal'
(Font)                  OT1/cmr/m/it --> OT1/lmr/m/it on input line 33.
LaTeX Font Info:    Overwriting math alphabet `\mathtt' in version `normal'
(Font)                  OT1/cmtt/m/n --> OT1/lmtt/m/n on input line 34.
LaTeX Font Info:    Overwriting math alphabet `\mathbf' in version `bold'
(Font)                  OT1/cmr/bx/n --> OT1/lmr/bx/n on input line 35.
LaTeX Font Info:    Overwriting math alphabet `\mathsf' in version `bold'
(Font)                  OT1/cmss/bx/n --> OT1/lmss/bx/n on input line 36.
LaTeX Font Info:    Overwriting math alphabet `\mathit' in version `bold'
(Font)                  OT1/cmr/bx/it --> OT1/lmr/bx/it on input line 37.
LaTeX Font Info:    Overwriting math alphabet `\mathtt' in version `bold'
(Font)                  OT1/cmtt/m/n --> OT1/lmtt/m/n on input line 38.
) (c:/Users/morga/AppData/Roaming/TinyTeX/texmf-dist/tex/latex/base/fontenc.sty
Package: fontenc 2025/07/18 v2.1d Standard LaTeX package
LaTeX Font Info:    Trying to load font information for T1+lmr on input line 116.
(c:/Users/morga/AppData/Roaming/TinyTeX/texmf-dist/tex/latex/lm/t1lmr.fd
File: t1lmr.fd 2015/05/01 v1.6.1 Font defs for Latin Modern
)) (c:/Users/morga/AppData/Roaming/TinyTeX/texmf-dist/tex/latex/geometry/geometry.sty
Package: geometry 2026/03/07 v6.0 Page Geometry
(c:/Users/morga/AppData/Roaming/TinyTeX/texmf-dist/tex/latex/graphics/keyval.sty
Package: keyval 2022/05/29 v1.15 key=value parser (DPC)
\KV@toks@=\toks17
) (c:/Users/morga/AppData/Roaming/TinyTeX/texmf-dist/tex/generic/iftex/ifvtex.sty
Package: ifvtex 2019/10/25 v1.7 ifvtex legacy package. Use iftex instead.
(c:/Users/morga/AppData/Roaming/TinyTeX/texmf-dist/tex/generic/iftex/iftex.sty
Package: iftex 2024/12/12 v1.0g TeX engine tests
))
\Gm@cnth=\count284
\Gm@cntv=\count285
\c@Gm@tempcnt=\count286
\Gm@bindingoffset=\dimen149
\Gm@wd@mp=\dimen150
\Gm@odd@mp=\dimen151
\Gm@even@mp=\dimen152
\Gm@layoutwidth=\dimen153
\Gm@layoutheight=\dimen154
\Gm@layouthoffset=\dimen155
\Gm@layoutvoffset=\dimen156
\Gm@dimlist=\toks18
) (c:/Users/morga/AppData/Roaming/TinyTeX/texmf-dist/tex/latex/graphics/graphicx.sty
Package: graphicx 2024/12/31 v1.2e Enhanced LaTeX Graphics (DPC,SPQR)
(c:/Users/morga/AppData/Roaming/TinyTeX/texmf-dist/tex/latex/graphics/graphics.sty
Package: graphics 2024/08/06 v1.4g Standard LaTeX Graphics (DPC,SPQR)
(c:/Users/morga/AppData/Roaming/TinyTeX/texmf-dist/tex/latex/graphics/trig.sty
Package: trig 2023/12/02 v1.11 sin cos tan (DPC)
) (c:/Users/morga/AppData/Roaming/TinyTeX/texmf-dist/tex/latex/graphics-cfg/graphics.cfg
File: graphics.cfg 2016/06/04 v1.11 sample graphics configuration
)
Package graphics Info: Driver file: pdftex.def on input line 106.
(c:/Users/morga/AppData/Roaming/TinyTeX/texmf-dist/tex/latex/graphics-def/pdftex.def
File: pdftex.def 2025/09/29 v1.2d Graphics/color driver for pdftex
))
\Gin@req@height=\dimen157
\Gin@req@width=\dimen158
) (c:/Users/morga/AppData/Roaming/TinyTeX/texmf-dist/tex/generic/gettitlestring/gettitlestring.sty
Package: gettitlestring 2019/12/15 v1.6 Cleanup title references (HO)
(c:/Users/morga/AppData/Roaming/TinyTeX/texmf-dist/tex/latex/kvoptions/kvoptions.sty
Package: kvoptions 2022-06-15 v3.15 Key value format for package options (HO)
(c:/Users/morga/AppData/Roaming/TinyTeX/texmf-dist/tex/generic/ltxcmds/ltxcmds.sty
Package: ltxcmds 2023-12-04 v1.26 LaTeX kernel commands for general use (HO)
) (c:/Users/morga/AppData/Roaming/TinyTeX/texmf-dist/tex/latex/kvsetkeys/kvsetkeys.sty
Package: kvsetkeys 2022-10-05 v1.19 Key value parser (HO)
))) (c:/Users/morga/AppData/Roaming/TinyTeX/texmf-dist/tex/latex/booktabs/booktabs.sty
Package: booktabs 2020/01/12 v1.61803398 Publication quality tables
\heavyrulewidth=\dimen159
\lightrulewidth=\dimen160
\cmidrulewidth=\dimen161
\belowrulesep=\dimen162
\belowbottomsep=\dimen163
\aboverulesep=\dimen164
\abovetopsep=\dimen165
\cmidrulesep=\dimen166
\cmidrulekern=\dimen167
\defaultaddspace=\dimen168
\@cmidla=\count287
\@cmidlb=\count288
\@aboverulesep=\dimen169
\@belowrulesep=\dimen170
\@thisruleclass=\count289
\@lastruleclass=\count290
\@thisrulewidth=\dimen171
) (c:/Users/morga/AppData/Roaming/TinyTeX/texmf-dist/tex/latex/threeparttable/threeparttable.sty
Package: threeparttable 2003/06/13  v 3.0
\@tempboxb=\box53
)
\b@level@one@skip=\skip51
\e@level@one@skip=\skip52
\b@level@two@skip=\skip53
\e@level@two@skip=\skip54
\b@level@three@skip=\skip55
\e@level@three@skip=\skip56
\b@level@four@skip=\skip57
\e@level@four@skip=\skip58
\b@level@five@skip=\skip59
\e@level@five@skip=\skip60
(c:/Users/morga/AppData/Roaming/TinyTeX/texmf-dist/tex/latex/caption/caption.sty
Package: caption 2023/08/05 v3.6o Customizing captions (AR)
(c:/Users/morga/AppData/Roaming/TinyTeX/texmf-dist/tex/latex/caption/caption3.sty
Package: caption3 2023/07/31 v2.4d caption3 kernel (AR)
\caption@tempdima=\dimen172
\captionmargin=\dimen173
\caption@leftmargin=\dimen174
\caption@rightmargin=\dimen175
\caption@width=\dimen176
\caption@indent=\dimen177
\caption@parindent=\dimen178
\caption@hangindent=\dimen179
Package caption Info: Standard document class detected.
)
\c@caption@flags=\count291
\c@continuedfloat=\count292
Package caption Info: threeparttable package is loaded.
)
\c@APAenum=\count293
\@text@par@indent=\skip61
\gr@box=\box54
\gr@boxwidth=\skip62
\gr@boxheight=\skip63
(c:/Users/morga/AppData/Roaming/TinyTeX/texmf-dist/tex/latex/tools/bm.sty
Package: bm 2025/10/21 v1.2g Bold Symbol Support (DPC/FMi)
\symboldoperators=\mathgroup4
\symboldletters=\mathgroup5
\symboldsymbols=\mathgroup6
Package bm Info: No bold for \OMX/lmex/m/n, using \pmb.
LaTeX Font Info:    Redeclaring math alphabet \mathbf on input line 149.
)
\c@appendix=\count294
(c:/Users/morga/AppData/Roaming/TinyTeX/texmf-dist/tex/latex/fancyhdr/fancyhdr.sty
Package: fancyhdr 2025/02/07 v5.2 Extensive control of page headers and footers
\f@nch@headwidth=\skip64
\f@nch@offset@elh=\skip65
\f@nch@offset@erh=\skip66
\f@nch@offset@olh=\skip67
\f@nch@offset@orh=\skip68
\f@nch@offset@elf=\skip69
\f@nch@offset@erf=\skip70
\f@nch@offset@olf=\skip71
\f@nch@offset@orf=\skip72
\f@nch@height=\skip73
\f@nch@footalignment=\skip74
\f@nch@widthL=\skip75
\f@nch@widthC=\skip76
\f@nch@widthR=\skip77
\@temptokenb=\toks19
) (c:/Users/morga/AppData/Roaming/TinyTeX/texmf-dist/tex/latex/endfloat/endfloat.sty
Package: endfloat 2019/04/15 v2.7 LaTeX2e package puts figures and tables at end (jdm)
\c@posttable=\count295
\efloat@postttt=\write3
\@ef@tttopen=\count296
\c@postfigure=\count297
\efloat@postfff=\write4
\@ef@fffopen=\count298
) (c:/Users/morga/AppData/Roaming/TinyTeX/texmf-dist/tex/latex/float/float.sty
Package: float 2001/11/08 v1.3d Float enhancements (AL)
\c@float@type=\count299
\float@exts=\toks20
\float@box=\box55
\@float@everytoks=\toks21
\@floatcapt=\box56
)) (c:/Users/morga/AppData/Roaming/TinyTeX/texmf-dist/tex/latex/xcolor/xcolor.sty
Package: xcolor 2024/09/29 v3.02 LaTeX color extensions (UK)
(c:/Users/morga/AppData/Roaming/TinyTeX/texmf-dist/tex/latex/graphics-cfg/color.cfg
File: color.cfg 2016/01/02 v1.6 sample color configuration
)
Package xcolor Info: Driver file: pdftex.def on input line 274.
(c:/Users/morga/AppData/Roaming/TinyTeX/texmf-dist/tex/latex/graphics/mathcolor.ltx)
Package xcolor Info: Model `cmy' substituted by `cmy0' on input line 1349.
Package xcolor Info: Model `hsb' substituted by `rgb' on input line 1353.
Package xcolor Info: Model `RGB' extended on input line 1365.
Package xcolor Info: Model `HTML' substituted by `rgb' on input line 1367.
Package xcolor Info: Model `Hsb' substituted by `hsb' on input line 1368.
Package xcolor Info: Model `tHsb' substituted by `hsb' on input line 1369.
Package xcolor Info: Model `HSB' substituted by `hsb' on input line 1370.
Package xcolor Info: Model `Gray' substituted by `gray' on input line 1371.
Package xcolor Info: Model `wave' substituted by `hsb' on input line 1372.
) (c:/Users/morga/AppData/Roaming/TinyTeX/texmf-dist/tex/latex/amsmath/amsmath.sty
Package: amsmath 2025/07/09 v2.17z AMS math features
\@mathmargin=\skip78
For additional information on amsmath, use the `?' option.
(c:/Users/morga/AppData/Roaming/TinyTeX/texmf-dist/tex/latex/amsmath/amstext.sty
Package: amstext 2024/11/17 v2.01 AMS text
(c:/Users/morga/AppData/Roaming/TinyTeX/texmf-dist/tex/latex/amsmath/amsgen.sty
File: amsgen.sty 1999/11/30 v2.0 generic functions
\@emptytoks=\toks22
\ex@=\dimen180
)) (c:/Users/morga/AppData/Roaming/TinyTeX/texmf-dist/tex/latex/amsmath/amsbsy.sty
Package: amsbsy 1999/11/29 v1.2d Bold Symbols
LaTeX Info: Redefining \boldsymbol on input line 28.
\pmbraise@=\dimen181
) (c:/Users/morga/AppData/Roaming/TinyTeX/texmf-dist/tex/latex/amsmath/amsopn.sty
Package: amsopn 2022/04/08 v2.04 operator names
)
\inf@bad=\count300
LaTeX Info: Redefining \frac on input line 233.
\uproot@=\count301
\leftroot@=\count302
LaTeX Info: Redefining \overline on input line 398.
LaTeX Info: Redefining \colon on input line 409.
\classnum@=\count303
\DOTSCASE@=\count304
LaTeX Info: Redefining \ldots on input line 495.
LaTeX Info: Redefining \dots on input line 498.
LaTeX Info: Redefining \cdots on input line 619.
\Mathstrutbox@=\box57
\strutbox@=\box58
LaTeX Info: Redefining \big on input line 721.
LaTeX Info: Redefining \Big on input line 722.
LaTeX Info: Redefining \bigg on input line 723.
LaTeX Info: Redefining \Bigg on input line 724.
\big@size=\dimen182
LaTeX Font Info:    Redeclaring font encoding OML on input line 742.
LaTeX Font Info:    Redeclaring font encoding OMS on input line 743.
\macc@depth=\count305
LaTeX Info: Redefining \bmod on input line 904.
LaTeX Info: Redefining \pmod on input line 909.
LaTeX Info: Redefining \smash on input line 939.
LaTeX Info: Redefining \relbar on input line 969.
LaTeX Info: Redefining \Relbar on input line 970.
\c@MaxMatrixCols=\count306
\dotsspace@=\muskip17
\c@parentequation=\count307
\dspbrk@lvl=\count308
\tag@help=\toks23
\row@=\count309
\column@=\count310
\maxfields@=\count311
\andhelp@=\toks24
\eqnshift@=\dimen183
\alignsep@=\dimen184
\tagshift@=\dimen185
\tagwidth@=\dimen186
\totwidth@=\dimen187
\lineht@=\dimen188
\@envbody=\toks25
\multlinegap=\skip79
\multlinetaggap=\skip80
\mathdisplay@stack=\toks26
LaTeX Info: Redefining \[ on input line 2950.
LaTeX Info: Redefining \] on input line 2951.
) (c:/Users/morga/AppData/Roaming/TinyTeX/texmf-dist/tex/latex/amsfonts/amssymb.sty
Package: amssymb 2013/01/14 v3.01 AMS font symbols
(c:/Users/morga/AppData/Roaming/TinyTeX/texmf-dist/tex/latex/amsfonts/amsfonts.sty
Package: amsfonts 2013/01/14 v3.01 Basic AMSFonts support
\symAMSa=\mathgroup7
\symAMSb=\mathgroup8
LaTeX Font Info:    Redeclaring math symbol \hbar on input line 98.
LaTeX Font Info:    Overwriting math alphabet `\mathfrak' in version `bold'
(Font)                  U/euf/m/n --> U/euf/b/n on input line 106.
)) (c:/Users/morga/AppData/Roaming/TinyTeX/texmf-dist/tex/latex/base/fontenc.sty
Package: fontenc 2025/07/18 v2.1d Standard LaTeX package
) (c:/Users/morga/AppData/Roaming/TinyTeX/texmf-dist/tex/latex/base/inputenc.sty
Package: inputenc 2024/02/08 v1.3d Input encoding file
\inpenc@prehook=\toks27
\inpenc@posthook=\toks28
) (c:/Users/morga/AppData/Roaming/TinyTeX/texmf-dist/tex/latex/base/textcomp.sty
Package: textcomp 2024/04/24 v2.1b Standard LaTeX package
) (c:/Users/morga/AppData/Roaming/TinyTeX/texmf-dist/tex/latex/fancyvrb/fancyvrb.sty
Package: fancyvrb 2025/07/28 4.6 verbatim text (tvz,hv)
\FV@CodeLineNo=\count312
\FV@InFile=\read2
\FV@TabBox=\box59
\c@FancyVerbLine=\count313
\FV@StepNumber=\count314
\FV@OutFile=\write5
) (c:/Users/morga/AppData/Roaming/TinyTeX/texmf-dist/tex/latex/framed/framed.sty
Package: framed 2011/10/22 v 0.96: framed or shaded text with page breaks
\OuterFrameSep=\skip81
\fb@frw=\dimen189
\fb@frh=\dimen190
\FrameRule=\dimen191
\FrameSep=\dimen192
)
\pandoc@box=\box60
\cslhangindent=\skip82
\csllabelwidth=\skip83
(c:/Users/morga/AppData/Roaming/TinyTeX/texmf-dist/tex/latex/tools/calc.sty
Package: calc 2025/03/01 v4.3b Infix arithmetic (KKT,FJ)
\calc@Acount=\count315
\calc@Bcount=\count316
\calc@Adimen=\dimen193
\calc@Bdimen=\dimen194
\calc@Askip=\skip84
\calc@Bskip=\skip85
LaTeX Info: Redefining \setlength on input line 86.
LaTeX Info: Redefining \addtolength on input line 87.
\calc@Ccount=\count317
\calc@Cskip=\skip86
) (c:/Users/morga/AppData/Roaming/TinyTeX/texmf-dist/tex/generic/babel/babel.sty
Package: babel 2026/02/14 v26.3 The multilingual framework for LuaLaTeX, pdfLaTeX and XeLaTeX
\babel@savecnt=\count318
LaTeX Encoding Info:    Redeclaring text command \ij (encoding OT1) on input line 2078.
LaTeX Encoding Info:    Redeclaring text command \IJ (encoding OT1) on input line 2080.
LaTeX Encoding Info:    Redeclaring text command \ij (encoding T1) on input line 2082.
LaTeX Encoding Info:    Redeclaring text command \IJ (encoding T1) on input line 2083.
LaTeX Encoding Info:    Ignoring declaration for text command \ij (encoding ?) on input line 2084.
LaTeX Encoding Info:    Ignoring declaration for text command \IJ (encoding ?) on input line 2086.
LaTeX Encoding Info:    Ignoring declaration for text command \SS (encoding ?) on input line 2111.
\U@D=\dimen195
\l@unhyphenated=\language5
(c:/Users/morga/AppData/Roaming/TinyTeX/texmf-dist/tex/generic/babel/txtbabel.def)
\bbl@readstream=\read3
\bbl@dirlevel=\count319
(c:/Users/morga/AppData/Roaming/TinyTeX/texmf-dist/tex/generic/babel/locale/en/babel-english.tex)
Package babel Info: Importing font and identification data for english
(babel)             from babel-en.ini. Reported on input line 4330.
(c:/Users/morga/AppData/Roaming/TinyTeX/texmf-dist/tex/generic/babel-english/english.ldf
Language: english 2017/06/06 v3.3r English support from the babel system
Package babel Info: Hyphen rules for 'canadian' set to \l@english
(babel)             (\language0). Reported on input line 102.
Package babel Info: Hyphen rules for 'australian' set to \l@ukenglish
(babel)             (\language3). Reported on input line 105.
Package babel Info: Hyphen rules for 'newzealand' set to \l@ukenglish
(babel)             (\language3). Reported on input line 108.
)) (c:/Users/morga/AppData/Roaming/TinyTeX/texmf-dist/tex/latex/was/upgreek.sty
Package: upgreek 2003/02/12 v2.0 (WaS)
Package upgreek Info: Using Euler Roman for upright Greek on input line 31.
\symugrf@m=\mathgroup9
LaTeX Font Info:    Overwriting symbol font `ugrf@m' in version `bold'
(Font)                  U/eur/m/n --> U/eur/b/n on input line 38.
) (c:/Users/morga/AppData/Roaming/TinyTeX/texmf-dist/tex/latex/tools/longtable.sty
Package: longtable 2025-10-13 v4.24 Multi-page Table package (DPC)
\LTleft=\skip87
\LTright=\skip88
\LTpre=\skip89
\LTpost=\skip90
\LTchunksize=\count320
\LTcapwidth=\dimen196
\LT@head=\box61
\LT@firsthead=\box62
\LT@foot=\box63
\LT@lastfoot=\box64
\LT@gbox=\box65
\LT@cols=\count321
\LT@rows=\count322
\c@LT@tables=\count323
\c@LT@chunks=\count324
\LT@p@ftn=\toks29
) (c:/Users/morga/AppData/Roaming/TinyTeX/texmf-dist/tex/latex/graphics/lscape.sty
Package: lscape 2020/05/28 v3.02 Landscape Pages (DPC)
) (c:/Users/morga/AppData/Roaming/TinyTeX/texmf-dist/tex/latex/multirow/multirow.sty
Package: multirow 2024/11/12 v2.9 Span multiple rows of a table
\multirow@colwidth=\skip91
\multirow@cntb=\count325
\multirow@dima=\skip92
\bigstrutjot=\dimen197
) (c:/Users/morga/AppData/Roaming/TinyTeX/texmf-dist/tex/latex/tools/tabularx.sty
Package: tabularx 2023/12/11 v2.12a `tabularx' package (DPC)
(c:/Users/morga/AppData/Roaming/TinyTeX/texmf-dist/tex/latex/tools/array.sty
Package: array 2025/09/25 v2.6n Tabular extension package (FMi)
\col@sep=\dimen198
\ar@mcellbox=\box66
\extrarowheight=\dimen199
\NC@list=\toks30
\extratabsurround=\skip93
\backup@length=\skip94
\ar@cellbox=\box67
)
\TX@col@width=\dimen256
\TX@old@table=\dimen257
\TX@old@col=\dimen258
\TX@target=\dimen259
\TX@delta=\dimen260
\TX@cols=\count326
\TX@ftn=\toks31
) (c:/Users/morga/AppData/Roaming/TinyTeX/texmf-dist/tex/latex/threeparttablex/threeparttablex.sty
Package: threeparttablex 2013/07/23 v0.3 by daleif
(c:/Users/morga/AppData/Roaming/TinyTeX/texmf-dist/tex/latex/environ/environ.sty
Package: environ 2014/05/04 v0.3 A new way to define environments
(c:/Users/morga/AppData/Roaming/TinyTeX/texmf-dist/tex/latex/trimspaces/trimspaces.sty
Package: trimspaces 2009/09/17 v1.1 Trim spaces around a token list
))
\TPTL@width=\skip95
)
\longtablewidth=\skip96
(c:/Users/morga/AppData/Roaming/TinyTeX/texmf-dist/tex/latex/xpatch/xpatch.sty (c:/Users/morga/AppData/Roaming/TinyTeX/texmf-dist/tex/latex/l3kernel/expl3.sty
Package: expl3 2026-01-19 L3 programming layer (loader) 
(c:/Users/morga/AppData/Roaming/TinyTeX/texmf-dist/tex/latex/l3backend/l3backend-pdftex.def
File: l3backend-pdftex.def 2025-10-09 L3 backend support: PDF output (pdfTeX)
\l__color_backend_stack_int=\count327
))
Package: xpatch 2020/03/25 v0.3a Extending etoolbox patching commands
(c:/Users/morga/AppData/Roaming/TinyTeX/texmf-dist/tex/latex/l3packages/xparse/xparse.sty
Package: xparse 2025-10-09 L3 Experimental document command parser
)) (c:/Users/morga/AppData/Roaming/TinyTeX/texmf-dist/tex/latex/csquotes/csquotes.sty
Package: csquotes 2024-04-04 v5.2o context-sensitive quotations (JAW)
\csq@reset=\count328
\csq@gtype=\count329
\csq@glevel=\count330
\csq@qlevel=\count331
\csq@maxlvl=\count332
\csq@tshold=\count333
\csq@ltx@everypar=\toks32
(c:/Users/morga/AppData/Roaming/TinyTeX/texmf-dist/tex/latex/csquotes/csquotes.def
File: csquotes.def 2024-04-04 v5.2o csquotes generic definitions (JAW)
)
Package csquotes Info: Trying to load configuration file 'csquotes.cfg'...
Package csquotes Info: ... configuration file loaded successfully.
(c:/Users/morga/AppData/Roaming/TinyTeX/texmf-dist/tex/latex/csquotes/csquotes.cfg
File: csquotes.cfg 
)) (c:/Users/morga/AppData/Roaming/TinyTeX/texmf-dist/tex/latex/placeins/placeins.sty
Package: placeins 2005/04/18  v 2.2
) (c:/Users/morga/AppData/Roaming/TinyTeX/texmf-dist/tex/latex/base/flafter.sty
Package: flafter 2025/08/22 v1.4z Standard LaTeX floats after reference (FMi)
Applying: [2025/06/01] float order in 2-column on input line 49.
Already applied: [2015/01/01] float order in 2-column on input line 152.
Already applied: [0000/00/00] float order in 2-column on input line 254.
) (c:/Users/morga/AppData/Roaming/TinyTeX/texmf-dist/tex/latex/bookmark/bookmark.sty
Package: bookmark 2023-12-10 v1.31 PDF bookmarks (HO)
(c:/Users/morga/AppData/Roaming/TinyTeX/texmf-dist/tex/latex/hyperref/hyperref.sty
Package: hyperref 2026-01-29 v7.01p Hypertext links for LaTeX
(c:/Users/morga/AppData/Roaming/TinyTeX/texmf-dist/tex/generic/kvdefinekeys/kvdefinekeys.sty
Package: kvdefinekeys 2019-12-19 v1.6 Define keys (HO)
) (c:/Users/morga/AppData/Roaming/TinyTeX/texmf-dist/tex/generic/pdfescape/pdfescape.sty
Package: pdfescape 2019/12/09 v1.15 Implements pdfTeX's escape features (HO)
(c:/Users/morga/AppData/Roaming/TinyTeX/texmf-dist/tex/generic/pdftexcmds/pdftexcmds.sty
Package: pdftexcmds 2020-06-27 v0.33 Utility functions of pdfTeX for LuaTeX (HO)
(c:/Users/morga/AppData/Roaming/TinyTeX/texmf-dist/tex/generic/infwarerr/infwarerr.sty
Package: infwarerr 2019/12/03 v1.5 Providing info/warning/error messages (HO)
)
Package pdftexcmds Info: \pdf@primitive is available.
Package pdftexcmds Info: \pdf@ifprimitive is available.
Package pdftexcmds Info: \pdfdraftmode found.
)) (c:/Users/morga/AppData/Roaming/TinyTeX/texmf-dist/tex/latex/hycolor/hycolor.sty
Package: hycolor 2020-01-27 v1.10 Color options for hyperref/bookmark (HO)
) (c:/Users/morga/AppData/Roaming/TinyTeX/texmf-dist/tex/latex/hyperref/nameref.sty
Package: nameref 2026-01-29 v2.58 Cross-referencing by name of section
(c:/Users/morga/AppData/Roaming/TinyTeX/texmf-dist/tex/latex/refcount/refcount.sty
Package: refcount 2019/12/15 v3.6 Data extraction from label references (HO)
)
\c@section@level=\count334
) (c:/Users/morga/AppData/Roaming/TinyTeX/texmf-dist/tex/generic/stringenc/stringenc.sty
Package: stringenc 2019/11/29 v1.12 Convert strings between diff. encodings (HO)
)
\@linkdim=\dimen261
\Hy@linkcounter=\count335
\Hy@pagecounter=\count336
(c:/Users/morga/AppData/Roaming/TinyTeX/texmf-dist/tex/latex/hyperref/pd1enc.def
File: pd1enc.def 2026-01-29 v7.01p Hyperref: PDFDocEncoding definition (HO)
Now handling font encoding PD1 ...
... no UTF-8 mapping file for font encoding PD1
) (c:/Users/morga/AppData/Roaming/TinyTeX/texmf-dist/tex/generic/intcalc/intcalc.sty
Package: intcalc 2019/12/15 v1.3 Expandable calculations with integers (HO)
)
\Hy@SavedSpaceFactor=\count337
(c:/Users/morga/AppData/Roaming/TinyTeX/texmf-dist/tex/latex/hyperref/puenc.def
File: puenc.def 2026-01-29 v7.01p Hyperref: PDF Unicode definition (HO)
Now handling font encoding PU ...
... no UTF-8 mapping file for font encoding PU
)
Package hyperref Info: Option `unicode' set `true' on input line 4072.
Package hyperref Info: Hyper figures OFF on input line 4201.
Package hyperref Info: Link nesting OFF on input line 4206.
Package hyperref Info: Hyper index ON on input line 4209.
Package hyperref Info: Plain pages OFF on input line 4216.
Package hyperref Info: Backreferencing OFF on input line 4221.
Package hyperref Info: Implicit mode ON; LaTeX internals redefined.
Package hyperref Info: Bookmarks ON on input line 4468.
\c@Hy@tempcnt=\count338
(c:/Users/morga/AppData/Roaming/TinyTeX/texmf-dist/tex/latex/url/url.sty
\Urlmuskip=\muskip18
Package: url 2013/09/16  ver 3.4  Verb mode for urls, etc.
)
LaTeX Info: Redefining \url on input line 4807.
\XeTeXLinkMargin=\dimen262
(c:/Users/morga/AppData/Roaming/TinyTeX/texmf-dist/tex/generic/bitset/bitset.sty
Package: bitset 2019/12/09 v1.3 Handle bit-vector datatype (HO)
(c:/Users/morga/AppData/Roaming/TinyTeX/texmf-dist/tex/generic/bigintcalc/bigintcalc.sty
Package: bigintcalc 2019/12/15 v1.5 Expandable calculations on big integers (HO)
))
\Fld@menulength=\count339
\Field@Width=\dimen263
\Fld@charsize=\dimen264
Package hyperref Info: Hyper figures OFF on input line 6084.
Package hyperref Info: Link nesting OFF on input line 6089.
Package hyperref Info: Hyper index ON on input line 6092.
Package hyperref Info: backreferencing OFF on input line 6099.
Package hyperref Info: Link coloring OFF on input line 6104.
Package hyperref Info: Link coloring with OCG OFF on input line 6109.
Package hyperref Info: PDF/A mode OFF on input line 6114.
\Hy@abspage=\count340
\c@Item=\count341
\c@Hfootnote=\count342
)
Package hyperref Info: Driver (autodetected): hpdftex.
(c:/Users/morga/AppData/Roaming/TinyTeX/texmf-dist/tex/latex/hyperref/hpdftex.def
File: hpdftex.def 2026-01-29 v7.01p Hyperref driver for pdfTeX
\Fld@listcount=\count343
\c@bookmark@seq@number=\count344
(c:/Users/morga/AppData/Roaming/TinyTeX/texmf-dist/tex/latex/rerunfilecheck/rerunfilecheck.sty
Package: rerunfilecheck 2025-06-21 v1.11 Rerun checks for auxiliary files (HO)
(c:/Users/morga/AppData/Roaming/TinyTeX/texmf-dist/tex/generic/uniquecounter/uniquecounter.sty
Package: uniquecounter 2019/12/15 v1.4 Provide unlimited unique counter (HO)
)
Package uniquecounter Info: New unique counter `rerunfilecheck' on input line 284.
)
\Hy@SectionHShift=\skip97
) (c:/Users/morga/AppData/Roaming/TinyTeX/texmf-dist/tex/latex/bookmark/bkm-pdftex.def
File: bkm-pdftex.def 2023-12-10 v1.31 bookmark driver for pdfTeX and luaTeX (HO)
\BKM@id=\count345
))
Package csquotes Info: Checking for multilingual support...
Package csquotes Info: ... found 'babel' package.
Package csquotes Info: Adjusting default style.
Package csquotes Info: Redefining alias 'default' -> 'english'.
(./Thesis.aux)
\openout1 = `Thesis.aux'.

LaTeX Font Info:    Checking defaults for OML/cmm/m/it on input line 260.
LaTeX Font Info:    ... okay on input line 260.
LaTeX Font Info:    Checking defaults for OMS/cmsy/m/n on input line 260.
LaTeX Font Info:    ... okay on input line 260.
LaTeX Font Info:    Checking defaults for OT1/cmr/m/n on input line 260.
LaTeX Font Info:    ... okay on input line 260.
LaTeX Font Info:    Checking defaults for T1/cmr/m/n on input line 260.
LaTeX Font Info:    ... okay on input line 260.
LaTeX Font Info:    Checking defaults for TS1/cmr/m/n on input line 260.
LaTeX Font Info:    ... okay on input line 260.
LaTeX Font Info:    Checking defaults for OMX/cmex/m/n on input line 260.
LaTeX Font Info:    ... okay on input line 260.
LaTeX Font Info:    Checking defaults for U/cmr/m/n on input line 260.
LaTeX Font Info:    ... okay on input line 260.
LaTeX Font Info:    Checking defaults for PD1/pdf/m/n on input line 260.
LaTeX Font Info:    ... okay on input line 260.
LaTeX Font Info:    Checking defaults for PU/pdf/m/n on input line 260.
LaTeX Font Info:    ... okay on input line 260.
*geometry* driver: auto-detecting
*geometry* detected driver: pdftex
*geometry* verbose mode - [ preamble ] result:
* driver: pdftex
* paper: <default>
* layout: <same size as paper>
* layoutoffset:(h,v)=(0.0pt,0.0pt)
* modes: twoside 
* h-part:(L,W,R)=(72.26999pt, 469.75502pt, 72.26999pt)
* v-part:(T,H,B)=(72.26999pt, 650.43001pt, 72.26999pt)
* \paperwidth=614.295pt
* \paperheight=794.96999pt
* \textwidth=469.75502pt
* \textheight=650.43001pt
* \oddsidemargin=0.0pt
* \evensidemargin=0.0pt
* \topmargin=-37.0pt
* \headheight=15.2pt
* \headsep=25.0pt
* \topskip=12.0pt
* \footskip=30.0pt
* \marginparwidth=95.0pt
* \marginparsep=10.0pt
* \columnsep=10.0pt
* \skip\footins=10.8pt plus 4.0pt minus 2.0pt
* \hoffset=0.0pt
* \voffset=0.0pt
* \mag=1000
* \@twocolumnfalse
* \@twosidetrue
* \@mparswitchtrue
* \@reversemarginfalse
* (1in=72.27pt=25.4mm, 1cm=28.453pt)

(c:/Users/morga/AppData/Roaming/TinyTeX/texmf-dist/tex/latex/epstopdf-pkg/epstopdf-base.sty
Package: epstopdf-base 2020-01-24 v2.11 Base part for package epstopdf
Package epstopdf-base Info: Redefining graphics rule for `.eps' on input line 485.
(c:/Users/morga/AppData/Roaming/TinyTeX/texmf-dist/tex/latex/latexconfig/epstopdf-sys.cfg
File: epstopdf-sys.cfg 2010/07/13 v1.3 Configuration of (r)epstopdf for TeX Live
)) (c:/Users/morga/AppData/Roaming/TinyTeX/texmf-dist/tex/latex/apa6/config/APAamerican.txt
File: APAamerican.txt 2012/02/23 v1.25 apa6 configuration for American English
)
Package caption Info: Begin \AtBeginDocument code.
Package caption Info: float package is loaded.
Package caption Info: hyperref package is loaded.
Package caption Info: longtable package is loaded.
(c:/Users/morga/AppData/Roaming/TinyTeX/texmf-dist/tex/latex/caption/ltcaption.sty
Package: ltcaption 2021/01/08 v1.4c longtable captions (AR)
)
Package caption Info: End \AtBeginDocument code.
Package hyperref Info: Link coloring OFF on input line 260.

Class apa6 Warning: Abstract not defined.

LaTeX Font Info:    Trying to load font information for OT1+lmr on input line 262.
(c:/Users/morga/AppData/Roaming/TinyTeX/texmf-dist/tex/latex/lm/ot1lmr.fd
File: ot1lmr.fd 2015/05/01 v1.6.1 Font defs for Latin Modern
)
LaTeX Font Info:    Trying to load font information for OML+lmm on input line 262.
(c:/Users/morga/AppData/Roaming/TinyTeX/texmf-dist/tex/latex/lm/omllmm.fd
File: omllmm.fd 2015/05/01 v1.6.1 Font defs for Latin Modern
)
LaTeX Font Info:    Trying to load font information for OMS+lmsy on input line 262.
(c:/Users/morga/AppData/Roaming/TinyTeX/texmf-dist/tex/latex/lm/omslmsy.fd
File: omslmsy.fd 2015/05/01 v1.6.1 Font defs for Latin Modern
)
LaTeX Font Info:    Trying to load font information for OMX+lmex on input line 262.
(c:/Users/morga/AppData/Roaming/TinyTeX/texmf-dist/tex/latex/lm/omxlmex.fd
File: omxlmex.fd 2015/05/01 v1.6.1 Font defs for Latin Modern
)
LaTeX Font Info:    External font `lmex10' loaded for size
(Font)              <12> on input line 262.
LaTeX Font Info:    External font `lmex10' loaded for size
(Font)              <8> on input line 262.
LaTeX Font Info:    External font `lmex10' loaded for size
(Font)              <6> on input line 262.
LaTeX Font Info:    Trying to load font information for U+msa on input line 262.
(c:/Users/morga/AppData/Roaming/TinyTeX/texmf-dist/tex/latex/amsfonts/umsa.fd
File: umsa.fd 2013/01/14 v3.01 AMS symbols A
)
LaTeX Font Info:    Trying to load font information for U+msb on input line 262.
(c:/Users/morga/AppData/Roaming/TinyTeX/texmf-dist/tex/latex/amsfonts/umsb.fd
File: umsb.fd 2013/01/14 v3.01 AMS symbols B
) [1{c:/Users/morga/AppData/Roaming/TinyTeX/texmf-var/fonts/map/pdftex/updmap/pdftex.map}{c:/Users/morga/AppData/Roaming/TinyTeX/texmf-dist/fonts/enc/dvips/lm/lm-ec.enc}

] [2] [3] [4] [5] [6]
LaTeX Font Info:    Trying to load font information for T1+lmtt on input line 343.
(c:/Users/morga/AppData/Roaming/TinyTeX/texmf-dist/tex/latex/lm/t1lmtt.fd
File: t1lmtt.fd 2015/05/01 v1.6.1 Font defs for Latin Modern
)
LaTeX Font Info:    Font shape `T1/lmtt/bx/n' in size <12> not available
(Font)              Font shape `T1/lmtt/b/n' tried instead on input line 344.
[7]
Overfull \hbox (42.77023pt too wide) in paragraph at lines 442--442
[]\T1/lmtt/m/n/12 ##    doc_id                                                    corpus author    ic[] 
 []


Overfull \hbox (42.77023pt too wide) in paragraph at lines 442--442
[]\T1/lmtt/m/n/12 ##    <chr>                                                     <chr>  <chr>  <dbl>[] 
 []


Overfull \hbox (42.76323pt too wide) in paragraph at lines 442--442
[]\T1/lmtt/m/n/12 ##  1 1160kennedyichbin                                         non_l~ <NA>    2.08[] 
 []


Overfull \hbox (42.77023pt too wide) in paragraph at lines 442--442
[]\T1/lmtt/m/n/12 ##  2 142thunberg                                               non_l~ <NA>    2.14[] 
 []


Overfull \hbox (42.76323pt too wide) in paragraph at lines 442--442
[]\T1/lmtt/m/n/12 ##  3 1945labourpartymanifesto                                  non_l~ <NA>    2.01[] 
 []


Overfull \hbox (42.75623pt too wide) in paragraph at lines 442--442
[]\T1/lmtt/m/n/12 ##  4 1949simonedebeauvoirthesecondsex                          non_l~ <NA>    5.37[] 
 []


Overfull \hbox (42.77023pt too wide) in paragraph at lines 442--442
[]\T1/lmtt/m/n/12 ##  5 acontributiontothehistoryofthenationalprogrammeinaustria~ longi~ lenin   2.22[] 
 []


Overfull \hbox (42.75623pt too wide) in paragraph at lines 442--442
[]\T1/lmtt/m/n/12 ##  6 adisgracefulresolution10181912                            longi~ lenin   2.38[] 
 []


Overfull \hbox (42.76323pt too wide) in paragraph at lines 442--442
[]\T1/lmtt/m/n/12 ##  7 ahouseofmanymansions1940                                  longi~ churc~  1.87[] 
 []

[8]
Overfull \hbox (42.75623pt too wide) in paragraph at lines 442--442
[]\T1/lmtt/m/n/12 ##  8 ahushovereurope1939                                       longi~ churc~  1.72[] 
 []


Overfull \hbox (42.75623pt too wide) in paragraph at lines 442--442
[]\T1/lmtt/m/n/12 ##  9 anewchapterofworldhistory10211912                         longi~ lenin   2.81[] 
 []


Overfull \hbox (42.76323pt too wide) in paragraph at lines 442--442
[]\T1/lmtt/m/n/12 ## 10 addresstojointsessionofuscongress1941                     longi~ churc~  1.84[] 
 []

[9] [10] [11]
Overfull \hbox (42.77023pt too wide) in paragraph at lines 643--643
[]\T1/lmtt/m/n/12 ##    doc_id                                                                 corpus[] 
 []


Overfull \hbox (36.59523pt too wide) in paragraph at lines 643--643
[]\T1/lmtt/m/n/12 ##    <chr>                                                                  <chr>[] 
 []


Overfull \hbox (42.77023pt too wide) in paragraph at lines 643--643
[]\T1/lmtt/m/n/12 ##  1 acontributiontothehistoryofthenationalprogrammeinaustriaandinrussia25~ longi~[] 
 []


Overfull \hbox (42.76323pt too wide) in paragraph at lines 643--643
[]\T1/lmtt/m/n/12 ##  2 addresstojointsessionofuscongress1941                                  longi~[] 
 []


Overfull \hbox (42.76323pt too wide) in paragraph at lines 643--643
[]\T1/lmtt/m/n/12 ##  3 adisgracefulresolution10181912                                         longi~[] 
 []


Overfull \hbox (42.72821pt too wide) in paragraph at lines 643--643
[]\T1/lmtt/m/n/12 ##  4 afantasy19991999                                                       longi~[] 
 []


Overfull \hbox (42.76323pt too wide) in paragraph at lines 643--643
[]\T1/lmtt/m/n/12 ##  5 againstpessimism4151924                                                longi~[] 
 []


Overfull \hbox (42.75623pt too wide) in paragraph at lines 643--643
[]\T1/lmtt/m/n/12 ##  6 ahouseofmanymansions1940                                               longi~[] 
 []


Overfull \hbox (42.75623pt too wide) in paragraph at lines 643--643
[]\T1/lmtt/m/n/12 ##  7 ahushovereurope1939                                                    longi~[] 
 []


Overfull \hbox (42.76323pt too wide) in paragraph at lines 643--643
[]\T1/lmtt/m/n/12 ##  8 americancivilization1945                                               longi~[] 
 []


Overfull \hbox (42.76323pt too wide) in paragraph at lines 643--643
[]\T1/lmtt/m/n/12 ##  9 andersbreivik2083manifesto2011pdfbookone                               non_l~[] 
 []


Overfull \hbox (42.76323pt too wide) in paragraph at lines 643--643
[]\T1/lmtt/m/n/12 ## 10 anewchapterofworldhistory10211912                                      longi~[] 
 []


Overfull \hbox (42.74922pt too wide) in paragraph at lines 643--643
[]\T1/lmtt/m/n/12 ## 11 apologytowomen1996                                                     longi~[] 
 []


Overfull \hbox (42.77023pt too wide) in paragraph at lines 643--643
[]\T1/lmtt/m/n/12 ## 12 ascientificamericanarticletheorizingatechinducedapocalypsetheunabombe~ longi~[] 
 []


Overfull \hbox (42.74922pt too wide) in paragraph at lines 643--643
[]\T1/lmtt/m/n/12 ## 13 ashifttowardshopefulness1996                                           longi~[] 
 []


Overfull \hbox (42.76323pt too wide) in paragraph at lines 643--643
[]\T1/lmtt/m/n/12 ## 14 beyemenofvalour1940                                                    longi~[] 
 []

[12]
Overfull \hbox (42.77023pt too wide) in paragraph at lines 643--643
[]\T1/lmtt/m/n/12 ## 15 billontheequalityofnationsandthesafeguardingoftherightsofnationalmino~ longi~[] 
 []


Overfull \hbox (42.75623pt too wide) in paragraph at lines 643--643
[]\T1/lmtt/m/n/12 ## 16 bloodtoiltearsandsweat1940                                             longi~[] 
 []


Overfull \hbox (42.76323pt too wide) in paragraph at lines 643--643
[]\T1/lmtt/m/n/12 ## 17 bolshevismandimperialsedition1920                                      longi~[] 
 []


Overfull \hbox (42.76323pt too wide) in paragraph at lines 643--643
[]\T1/lmtt/m/n/12 ## 18 cadetsandnationalists10241912                                          longi~[] 
 []


Overfull \hbox (42.74922pt too wide) in paragraph at lines 643--643
[]\T1/lmtt/m/n/12 ## 19 cadetsonthequestionoftheukraine7161913                                 longi~[] 
 []


Overfull \hbox (42.76323pt too wide) in paragraph at lines 643--643
[]\T1/lmtt/m/n/12 ## 20 character331917                                                        longi~[] 
 []

<Thesis_files/figure-latex/group-prevalence-plot-1.pdf, id=70, 389.455pt x 237.88875pt>
File: Thesis_files/figure-latex/group-prevalence-plot-1.pdf Graphic file (type pdf)
<use Thesis_files/figure-latex/group-prevalence-plot-1.pdf>
Package pdftex.def Info: Thesis_files/figure-latex/group-prevalence-plot-1.pdf  used on input line 648.
(pdftex.def)             Requested size: 385.20255pt x 235.30003pt.
[13 <./Thesis_files/figure-latex/group-prevalence-plot-1.pdf>] [14]
LaTeX Font Info:    Trying to load font information for TS1+lmr on input line 689.
(c:/Users/morga/AppData/Roaming/TinyTeX/texmf-dist/tex/latex/lm/ts1lmr.fd
File: ts1lmr.fd 2015/05/01 v1.6.1 Font defs for Latin Modern
)
<Thesis_files/figure-latex/fig-violent-probability-1.pdf, id=90, 469.755pt x 325.215pt>
File: Thesis_files/figure-latex/fig-violent-probability-1.pdf Graphic file (type pdf)
<use Thesis_files/figure-latex/fig-violent-probability-1.pdf>
Package pdftex.def Info: Thesis_files/figure-latex/fig-violent-probability-1.pdf  used on input line 724.
(pdftex.def)             Requested size: 469.75386pt x 325.2142pt.

LaTeX Warning: Float too large for page by 407.85623pt on input line 818.

[15{c:/Users/morga/AppData/Roaming/TinyTeX/texmf-dist/fonts/enc/dvips/lm/lm-ts1.enc}] [16 <./Thesis_files/figure-latex/fig-violent-probability-1.pdf>] [17] [18]
Overfull \hbox (24.24522pt too wide) in paragraph at lines 893--893
[]\T1/lmtt/m/n/12 ##    author    doc_id                                                  doc_date[] 
 []


Overfull \hbox (11.89522pt too wide) in paragraph at lines 893--893
[]\T1/lmtt/m/n/12 ##    <chr>     <chr>                                                   <date>[] 
 []


Overfull \hbox (36.58122pt too wide) in paragraph at lines 893--893
[]\T1/lmtt/m/n/12 ##  1 churchill bolshevismandimperialsedition1920                       1920-01-01[] 
 []


Overfull \hbox (36.58122pt too wide) in paragraph at lines 893--893
[]\T1/lmtt/m/n/12 ##  2 churchill masseffectsinmodernlife1925                             1925-01-01[] 
 []


Overfull \hbox (36.58122pt too wide) in paragraph at lines 893--893
[]\T1/lmtt/m/n/12 ##  3 churchill fiftyyearshence1931                                     1931-01-01[] 
 []


Overfull \hbox (36.58122pt too wide) in paragraph at lines 893--893
[]\T1/lmtt/m/n/12 ##  4 churchill pennyintheslotpolitics1934                              1934-01-01[] 
 []


Overfull \hbox (36.58122pt too wide) in paragraph at lines 893--893
[]\T1/lmtt/m/n/12 ##  5 churchill ihavewatchedthisfamousisland1938                        1938-01-01[] 
 []


Overfull \hbox (36.57422pt too wide) in paragraph at lines 893--893
[]\T1/lmtt/m/n/12 ##  6 churchill thelightsaregoingoutwemustarm1938                       1938-01-01[] 
 []


Overfull \hbox (36.56721pt too wide) in paragraph at lines 893--893
[]\T1/lmtt/m/n/12 ##  7 churchill ahushovereurope1939                                     1939-01-01[] 
 []


Overfull \hbox (36.56721pt too wide) in paragraph at lines 893--893
[]\T1/lmtt/m/n/12 ##  8 churchill warspeech1939                                           1939-01-01[] 
 []


Overfull \hbox (36.57422pt too wide) in paragraph at lines 893--893
[]\T1/lmtt/m/n/12 ##  9 churchill ahouseofmanymansions1940                                1940-01-01[] 
 []


Overfull \hbox (36.58122pt too wide) in paragraph at lines 893--893
[]\T1/lmtt/m/n/12 ## 10 churchill beyemenofvalour1940                                     1940-01-01[] 
 []


Overfull \hbox (36.58122pt too wide) in paragraph at lines 893--893
[]\T1/lmtt/m/n/12 ## 11 churchill bloodtoiltearsandsweat1940                              1940-01-01[] 
 []


Overfull \hbox (36.58122pt too wide) in paragraph at lines 893--893
[]\T1/lmtt/m/n/12 ## 12 churchill everymantohispost1940                                   1940-01-01[] 
 []


Overfull \hbox (36.58122pt too wide) in paragraph at lines 893--893
[]\T1/lmtt/m/n/12 ## 13 churchill thefew1940                                              1940-01-01[] 
 []


Overfull \hbox (36.58122pt too wide) in paragraph at lines 893--893
[]\T1/lmtt/m/n/12 ## 14 churchill theirfinesthour1940                                     1940-01-01[] 
 []


Overfull \hbox (36.58122pt too wide) in paragraph at lines 893--893
[]\T1/lmtt/m/n/12 ## 15 churchill waroftheunknownwarriors1940                             1940-01-01[] 
 []


Overfull \hbox (36.57422pt too wide) in paragraph at lines 893--893
[]\T1/lmtt/m/n/12 ## 16 churchill weshallfightonthebeaches1940                            1940-01-01[] 
 []


Overfull \hbox (36.58122pt too wide) in paragraph at lines 893--893
[]\T1/lmtt/m/n/12 ## 17 churchill addresstojointsessionofuscongress1941                   1941-01-01[] 
 []


Overfull \hbox (36.58122pt too wide) in paragraph at lines 893--893
[]\T1/lmtt/m/n/12 ## 18 churchill doyourworstwelldoourbest1941                            1941-01-01[] 
 []

[19]
Overfull \hbox (36.57422pt too wide) in paragraph at lines 893--893
[]\T1/lmtt/m/n/12 ## 19 churchill giveusthetools1941                                      1941-01-01[] 
 []


Overfull \hbox (36.58122pt too wide) in paragraph at lines 893--893
[]\T1/lmtt/m/n/12 ## 20 churchill nevergiveinnevernevernever1941                          1941-01-01[] 
 []


Overfull \hbox (36.58122pt too wide) in paragraph at lines 893--893
[]\T1/lmtt/m/n/12 ## 21 churchill somechickensomeneck1941                                 1941-01-01[] 
 []


Overfull \hbox (36.58122pt too wide) in paragraph at lines 893--893
[]\T1/lmtt/m/n/12 ## 22 churchill thefourthclimacteric1941                                1941-01-01[] 
 []


Overfull \hbox (36.58122pt too wide) in paragraph at lines 893--893
[]\T1/lmtt/m/n/12 ## 23 churchill theoldlion1941                                          1941-01-01[] 
 []


Overfull \hbox (36.58122pt too wide) in paragraph at lines 893--893
[]\T1/lmtt/m/n/12 ## 24 churchill winstonchurchillsbroadcastonthesovietgermanwar1941      1941-01-01[] 
 []


Overfull \hbox (36.58122pt too wide) in paragraph at lines 893--893
[]\T1/lmtt/m/n/12 ## 25 churchill theinvasionoffrance1944                                 1944-01-01[] 
 []


Overfull \hbox (36.56021pt too wide) in paragraph at lines 893--893
[]\T1/lmtt/m/n/12 ## 26 churchill thesinewsofpeace1946                                    1946-01-01[] 
 []


Overfull \hbox (36.56721pt too wide) in paragraph at lines 893--893
[]\T1/lmtt/m/n/12 ## 27 churchill mitmidcenturyconvocation1949                            1949-01-01[] 
 []


Overfull \hbox (36.56721pt too wide) in paragraph at lines 893--893
[]\T1/lmtt/m/n/12 ## 28 churchill thecouncilofeurope1949                                  1949-01-01[] 
 []


Overfull \hbox (36.57422pt too wide) in paragraph at lines 893--893
[]\T1/lmtt/m/n/12 ## 29 evola     decadence1928                                           1928-01-01[] 
 []


Overfull \hbox (36.58122pt too wide) in paragraph at lines 893--893
[]\T1/lmtt/m/n/12 ## 30 evola     fascism1928                                             1928-01-01[] 
 []


Overfull \hbox (36.58122pt too wide) in paragraph at lines 893--893
[]\T1/lmtt/m/n/12 ## 31 evola     darkage1934                                             1934-01-01[] 
 []


Overfull \hbox (36.58122pt too wide) in paragraph at lines 893--893
[]\T1/lmtt/m/n/12 ## 32 evola     jihad1934                                               1934-01-01[] 
 []


Overfull \hbox (36.58122pt too wide) in paragraph at lines 893--893
[]\T1/lmtt/m/n/12 ## 33 evola     degeneration1938                                        1938-01-01[] 
 []


Overfull \hbox (36.58122pt too wide) in paragraph at lines 893--893
[]\T1/lmtt/m/n/12 ## 34 evola     neopagans1942                                           1942-01-01[] 
 []


Overfull \hbox (36.58122pt too wide) in paragraph at lines 893--893
[]\T1/lmtt/m/n/12 ## 35 evola     americancivilization1945                                1945-01-01[] 
 []


Overfull \hbox (36.57422pt too wide) in paragraph at lines 893--893
[]\T1/lmtt/m/n/12 ## 36 evola     occult1953                                              1953-01-01[] 
 []


Overfull \hbox (36.56021pt too wide) in paragraph at lines 893--893
[]\T1/lmtt/m/n/12 ## 37 gramsci   theeventsof23december19191261319                        1319-01-01[] 
 []


Overfull \hbox (36.56721pt too wide) in paragraph at lines 893--893
[]\T1/lmtt/m/n/12 ## 38 gramsci   newspapersandtheworkers12221916                         1916-12-22[] 
 []


Overfull \hbox (36.56021pt too wide) in paragraph at lines 893--893
[]\T1/lmtt/m/n/12 ## 39 gramsci   menormachines12241916                                   1916-12-24[] 
 []


Overfull \hbox (36.58122pt too wide) in paragraph at lines 893--893
[]\T1/lmtt/m/n/12 ## 40 gramsci   character331917                                         1917-03-03[] 
 []


Overfull \hbox (36.58122pt too wide) in paragraph at lines 893--893
[]\T1/lmtt/m/n/12 ## 41 gramsci   therevolutionagainstcapital12241917                     1917-12-24[] 
 []


Overfull \hbox (36.56721pt too wide) in paragraph at lines 893--893
[]\T1/lmtt/m/n/12 ## 42 gramsci   oneyearofhistory3161918                                 1918-03-16[] 
 []


Overfull \hbox (36.56721pt too wide) in paragraph at lines 893--893
[]\T1/lmtt/m/n/12 ## 43 gramsci   redink441919                                            1919-04-04[] 
 []


Overfull \hbox (36.5532pt too wide) in paragraph at lines 893--893
[]\T1/lmtt/m/n/12 ## 44 gramsci   thepriceofhistory671919                                 1919-06-07[] 
 []


Overfull \hbox (36.5532pt too wide) in paragraph at lines 893--893
[]\T1/lmtt/m/n/12 ## 45 gramsci   workersdemocracy6211919                                 1919-06-21[] 
 []


Underfull \vbox (badness 10000) has occurred while \output is active []

[20]
Overfull \hbox (36.56021pt too wide) in paragraph at lines 893--893
[]\T1/lmtt/m/n/12 ## 46 gramsci   theconquestofthestate7121919                            1919-07-12[] 
 []


Overfull \hbox (36.56721pt too wide) in paragraph at lines 893--893
[]\T1/lmtt/m/n/12 ## 47 gramsci   workersandpeasants821919                                1919-08-02[] 
 []


Overfull \hbox (36.5532pt too wide) in paragraph at lines 893--893
[]\T1/lmtt/m/n/12 ## 48 gramsci   tothesectioncommissarsofthefiatbrevettiworkshops9131919 1919-09-13[] 
 []


Overfull \hbox (36.5462pt too wide) in paragraph at lines 893--893
[]\T1/lmtt/m/n/12 ## 49 gramsci   chroniclesoftheneworder9131919                          1919-09-13[] 
 []


Overfull \hbox (36.5532pt too wide) in paragraph at lines 893--893
[]\T1/lmtt/m/n/12 ## 50 gramsci   thedevelopmentoftherevolution9131919                    1919-09-13[] 
 []

<Thesis_files/figure-latex/fig-long-ic-trajectories-1.pdf, id=141, 469.755pt x 325.215pt>
File: Thesis_files/figure-latex/fig-long-ic-trajectories-1.pdf Graphic file (type pdf)
<use Thesis_files/figure-latex/fig-long-ic-trajectories-1.pdf>
Package pdftex.def Info: Thesis_files/figure-latex/fig-long-ic-trajectories-1.pdf  used on input line 901.
(pdftex.def)             Requested size: 469.75386pt x 325.2142pt.

Underfull \vbox (badness 2027) has occurred while \output is active []

[21 <./Thesis_files/figure-latex/fig-long-ic-trajectories-1.pdf>] [22] [23]
Underfull \vbox (badness 10000) has occurred while \output is active []

[24] [25] [26] [27] [28] [29] [30] [31

] AED endfloat: Processing end Figures and Tables [32

] (./Thesis.aux)
 ***********
LaTeX2e <2025-11-01>
L3 programming layer <2020/03/25>
 ***********
 ) 
Here is how much of TeX's memory you used:
 16860 strings out of 469472
 275803 string characters out of 5466874
 719952 words of memory out of 5000000
 45135 multiletter control sequences out of 15000+600000
 666192 words of font info for 76 fonts, out of 8000000 for 9000
 36 hyphenation exceptions out of 8191
 83i,11n,93p,2245b,719s stack positions out of 10000i,1000n,20000p,200000b,200000s
<c:/Users/morga/AppData/Roaming/TinyTeX/texmf-dist/fonts/type1/public/lm/lmbx12.pfb><c:/Users/morga/AppData/Roaming/TinyTeX/texmf-dist/fonts/type1/public/lm/lmr12.pfb><c:/Users/morga/AppData/Roaming/TinyTeX/texmf-dist/fonts/type1/public/lm/lmri12.pfb><c:/Users/morga/AppData/Roaming/TinyTeX/texmf-dist/fonts/type1/public/lm/lmtk10.pfb><c:/Users/morga/AppData/Roaming/TinyTeX/texmf-dist/fonts/type1/public/lm/lmtt12.pfb>
Output written on Thesis.pdf (32 pages, 223019 bytes).
PDF statistics:
 378 PDF objects out of 1000 (max. 8388607)
 323 compressed objects within 4 object streams
 101 named destinations out of 1000 (max. 500000)
 216 words of extra memory for PDF output out of 10000 (max. 10000000)

